2017-01-16 20:55:49,381 [Worker-8] INFO  o.e.m.c.i.l.LifecycleMappingFactory - Using org.maven.ide.eclipse.wtp.WarLifecycleMapping lifecycle mapping for MavenProject: com.dipen.waa:Lab1Servlet:0.0.1-SNAPSHOT @ F:\MUM\WAA\Labs\Lab1Servlet\pom.xml.
2017-01-16 20:55:51,353 [Worker-8] INFO  o.e.m.j.i.AbstractJavaProjectConfigurator - Adding source folder /Lab1Servlet/src/main/java
2017-01-16 20:55:51,354 [Worker-8] INFO  o.e.m.j.i.AbstractJavaProjectConfigurator - Adding resource folder /Lab1Servlet/src/main/resources
2017-01-16 20:55:51,354 [Worker-8] INFO  o.e.m.j.i.AbstractJavaProjectConfigurator - Adding source folder /Lab1Servlet/src/test/java
2017-01-16 20:55:52,975 [Worker-8] INFO  o.e.m.c.i.p.ProjectConfigurationManager - Imported and configured 1 project(s) in 7 sec
2017-01-16 20:55:55,210 [Worker-16] WARN  o.e.m.c.i.embedder.EclipseLogger - Using platform encoding (Cp1252 actually) to copy filtered resources, i.e. build is platform dependent!
2017-01-16 20:55:55,225 [Worker-16] INFO  o.e.m.c.i.embedder.EclipseLogger - Copying 0 resource
2017-01-16 20:55:55,228 [Worker-16] WARN  o.e.m.c.i.embedder.EclipseLogger - Using platform encoding (Cp1252 actually) to copy filtered resources, i.e. build is platform dependent!
2017-01-16 20:55:55,282 [Worker-16] INFO  o.e.m.c.i.embedder.EclipseLogger - skip non existing resourceDirectory F:\MUM\WAA\Labs\Lab1Servlet\src\test\resources
2017-01-16 20:56:00,414 [Worker-8] INFO  o.e.m.c.i.l.LifecycleMappingFactory - Using org.maven.ide.eclipse.wtp.WarLifecycleMapping lifecycle mapping for MavenProject: org.springframework.samples.service.service:Lab1Spring:0.0.1-SNAPSHOT @ F:\MUM\WAA\Labs\Lab1Spring\pom.xml.
2017-01-16 20:56:01,063 [Worker-8] INFO  o.e.m.j.i.AbstractJavaProjectConfigurator - Adding source folder /Lab1Spring/src/main/java
2017-01-16 20:56:01,064 [Worker-8] INFO  o.e.m.j.i.AbstractJavaProjectConfigurator - Adding resource folder /Lab1Spring/src/main/resources
2017-01-16 20:56:01,064 [Worker-8] INFO  o.e.m.j.i.AbstractJavaProjectConfigurator - Adding source folder /Lab1Spring/src/test/java
2017-01-16 20:56:02,067 [Worker-8] INFO  o.e.m.c.i.p.ProjectConfigurationManager - Imported and configured 1 project(s) in 1 sec
2017-01-16 20:56:22,264 [Worker-1] INFO  o.e.m.c.i.embedder.EclipseLogger - Using 'UTF-8' encoding to copy filtered resources.
2017-01-16 20:56:22,265 [Worker-1] INFO  o.e.m.c.i.embedder.EclipseLogger - Copying 2 resources
2017-01-16 20:56:22,290 [Worker-1] INFO  o.e.m.c.i.embedder.EclipseLogger - Using 'UTF-8' encoding to copy filtered resources.
2017-01-16 20:56:22,290 [Worker-1] INFO  o.e.m.c.i.embedder.EclipseLogger - skip non existing resourceDirectory F:\MUM\WAA\Labs\Lab1Spring\src\test\resources
2017-01-16 21:05:50,899 [Worker-1] WARN  o.e.m.c.i.embedder.EclipseLogger - Using platform encoding (Cp1252 actually) to copy filtered resources, i.e. build is platform dependent!
2017-01-16 21:05:50,910 [Worker-1] INFO  o.e.m.c.i.embedder.EclipseLogger - Copying 0 resource
2017-01-16 21:05:50,912 [Worker-1] WARN  o.e.m.c.i.embedder.EclipseLogger - Using platform encoding (Cp1252 actually) to copy filtered resources, i.e. build is platform dependent!
2017-01-16 21:05:50,919 [Worker-1] INFO  o.e.m.c.i.embedder.EclipseLogger - skip non existing resourceDirectory F:\MUM\WAA\Labs\Lab1Servlet\src\test\resources
2017-01-16 21:05:50,941 [Worker-1] INFO  o.e.m.c.i.embedder.EclipseLogger - Using 'UTF-8' encoding to copy filtered resources.
2017-01-16 21:05:50,941 [Worker-1] INFO  o.e.m.c.i.embedder.EclipseLogger - Copying 0 resource
2017-01-16 21:05:50,943 [Worker-1] INFO  o.e.m.c.i.embedder.EclipseLogger - Using 'UTF-8' encoding to copy filtered resources.
2017-01-16 21:05:50,943 [Worker-1] INFO  o.e.m.c.i.embedder.EclipseLogger - skip non existing resourceDirectory F:\MUM\WAA\Labs\Lab1Spring\src\test\resources
2017-01-16 21:07:10,769 [Worker-1] WARN  o.e.m.c.i.embedder.EclipseLogger - Using platform encoding (Cp1252 actually) to copy filtered resources, i.e. build is platform dependent!
2017-01-16 21:07:10,801 [Worker-1] INFO  o.e.m.c.i.embedder.EclipseLogger - Copying 0 resource
2017-01-16 21:07:10,810 [Worker-1] WARN  o.e.m.c.i.embedder.EclipseLogger - Using platform encoding (Cp1252 actually) to copy filtered resources, i.e. build is platform dependent!
2017-01-16 21:07:10,838 [Worker-1] INFO  o.e.m.c.i.embedder.EclipseLogger - skip non existing resourceDirectory F:\MUM\WAA\Labs\Lab1Servlet\src\test\resources
2017-01-16 21:07:10,856 [Worker-1] INFO  o.e.m.c.i.embedder.EclipseLogger - Using 'UTF-8' encoding to copy filtered resources.
2017-01-16 21:07:10,857 [Worker-1] INFO  o.e.m.c.i.embedder.EclipseLogger - Copying 0 resource
2017-01-16 21:07:10,859 [Worker-1] INFO  o.e.m.c.i.embedder.EclipseLogger - Using 'UTF-8' encoding to copy filtered resources.
2017-01-16 21:07:10,859 [Worker-1] INFO  o.e.m.c.i.embedder.EclipseLogger - skip non existing resourceDirectory F:\MUM\WAA\Labs\Lab1Spring\src\test\resources
2017-01-16 21:09:40,115 [Worker-34] WARN  o.e.m.c.i.embedder.EclipseLogger - Using platform encoding (Cp1252 actually) to copy filtered resources, i.e. build is platform dependent!
2017-01-16 21:09:40,133 [Worker-34] INFO  o.e.m.c.i.embedder.EclipseLogger - Copying 0 resource
2017-01-16 21:09:40,137 [Worker-34] WARN  o.e.m.c.i.embedder.EclipseLogger - Using platform encoding (Cp1252 actually) to copy filtered resources, i.e. build is platform dependent!
2017-01-16 21:09:40,144 [Worker-34] INFO  o.e.m.c.i.embedder.EclipseLogger - skip non existing resourceDirectory F:\MUM\WAA\Labs\Lab1Servlet\src\test\resources
2017-01-16 21:09:41,413 [Worker-34] INFO  o.e.m.c.i.embedder.EclipseLogger - Using 'UTF-8' encoding to copy filtered resources.
2017-01-16 21:09:41,414 [Worker-34] INFO  o.e.m.c.i.embedder.EclipseLogger - Copying 2 resources
2017-01-16 21:09:41,419 [Worker-34] INFO  o.e.m.c.i.embedder.EclipseLogger - Using 'UTF-8' encoding to copy filtered resources.
2017-01-16 21:09:41,420 [Worker-34] INFO  o.e.m.c.i.embedder.EclipseLogger - skip non existing resourceDirectory F:\MUM\WAA\Labs\Lab1Spring\src\test\resources
2017-01-16 21:18:24,992 [Worker-44] INFO  o.e.m.c.i.embedder.EclipseLogger - Using 'UTF-8' encoding to copy filtered resources.
2017-01-16 21:18:25,001 [Worker-44] INFO  o.e.m.c.i.embedder.EclipseLogger - Copying 2 resources
2017-01-16 21:18:25,003 [Worker-44] INFO  o.e.m.c.i.embedder.EclipseLogger - Using 'UTF-8' encoding to copy filtered resources.
2017-01-16 21:18:25,003 [Worker-44] INFO  o.e.m.c.i.embedder.EclipseLogger - skip non existing resourceDirectory F:\MUM\WAA\Labs\Lab1Spring\src\test\resources
2017-01-16 21:18:50,641 [Worker-43] INFO  o.e.m.c.i.embedder.EclipseLogger - Using 'UTF-8' encoding to copy filtered resources.
2017-01-16 21:18:50,643 [Worker-43] INFO  o.e.m.c.i.embedder.EclipseLogger - Copying 2 resources
2017-01-16 21:18:50,645 [Worker-43] INFO  o.e.m.c.i.embedder.EclipseLogger - Using 'UTF-8' encoding to copy filtered resources.
2017-01-16 21:18:50,646 [Worker-43] INFO  o.e.m.c.i.embedder.EclipseLogger - skip non existing resourceDirectory F:\MUM\WAA\Labs\Lab1Spring\src\test\resources
2017-01-16 21:19:10,823 [Worker-44] INFO  o.e.m.c.i.embedder.EclipseLogger - Using 'UTF-8' encoding to copy filtered resources.
2017-01-16 21:19:10,825 [Worker-44] INFO  o.e.m.c.i.embedder.EclipseLogger - Copying 2 resources
2017-01-16 21:19:10,829 [Worker-44] INFO  o.e.m.c.i.embedder.EclipseLogger - Using 'UTF-8' encoding to copy filtered resources.
2017-01-16 21:19:10,829 [Worker-44] INFO  o.e.m.c.i.embedder.EclipseLogger - skip non existing resourceDirectory F:\MUM\WAA\Labs\Lab1Spring\src\test\resources
2017-01-16 21:25:44,476 [Worker-43] INFO  o.e.m.c.i.embedder.EclipseLogger - Using 'UTF-8' encoding to copy filtered resources.
2017-01-16 21:25:44,477 [Worker-43] INFO  o.e.m.c.i.embedder.EclipseLogger - Copying 2 resources
2017-01-16 21:25:44,478 [Worker-43] INFO  o.e.m.c.i.embedder.EclipseLogger - Using 'UTF-8' encoding to copy filtered resources.
2017-01-16 21:25:44,479 [Worker-43] INFO  o.e.m.c.i.embedder.EclipseLogger - skip non existing resourceDirectory F:\MUM\WAA\Labs\Lab1Spring\src\test\resources
2017-01-16 21:27:33,936 [Worker-50] INFO  o.e.m.c.i.embedder.EclipseLogger - Using 'UTF-8' encoding to copy filtered resources.
2017-01-16 21:27:33,938 [Worker-50] INFO  o.e.m.c.i.embedder.EclipseLogger - Copying 1 resource
2017-01-16 21:27:33,962 [Worker-50] INFO  o.e.m.c.i.embedder.EclipseLogger - Using 'UTF-8' encoding to copy filtered resources.
2017-01-16 21:27:33,962 [Worker-50] INFO  o.e.m.c.i.embedder.EclipseLogger - skip non existing resourceDirectory F:\MUM\WAA\Labs\Lab1Spring\src\test\resources
2017-01-16 21:27:41,343 [Worker-51] INFO  o.e.m.c.i.embedder.EclipseLogger - Using 'UTF-8' encoding to copy filtered resources.
2017-01-16 21:27:41,343 [Worker-51] INFO  o.e.m.c.i.embedder.EclipseLogger - Copying 1 resource
2017-01-16 21:27:41,350 [Worker-51] INFO  o.e.m.c.i.embedder.EclipseLogger - Using 'UTF-8' encoding to copy filtered resources.
2017-01-16 21:27:41,350 [Worker-51] INFO  o.e.m.c.i.embedder.EclipseLogger - skip non existing resourceDirectory F:\MUM\WAA\Labs\Lab1Spring\src\test\resources
2017-01-16 21:29:49,763 [Worker-58] INFO  o.e.m.c.i.embedder.EclipseLogger - Using 'UTF-8' encoding to copy filtered resources.
2017-01-16 21:29:49,763 [Worker-58] INFO  o.e.m.c.i.embedder.EclipseLogger - Copying 1 resource
2017-01-16 21:29:49,772 [Worker-58] INFO  o.e.m.c.i.embedder.EclipseLogger - Using 'UTF-8' encoding to copy filtered resources.
2017-01-16 21:29:49,772 [Worker-58] INFO  o.e.m.c.i.embedder.EclipseLogger - skip non existing resourceDirectory F:\MUM\WAA\Labs\Lab1Spring\src\test\resources
2017-01-16 21:29:52,964 [Worker-51] INFO  o.e.m.c.i.embedder.EclipseLogger - Using 'UTF-8' encoding to copy filtered resources.
2017-01-16 21:29:52,965 [Worker-51] INFO  o.e.m.c.i.embedder.EclipseLogger - Copying 1 resource
2017-01-16 21:29:52,969 [Worker-51] INFO  o.e.m.c.i.embedder.EclipseLogger - Using 'UTF-8' encoding to copy filtered resources.
2017-01-16 21:29:52,969 [Worker-51] INFO  o.e.m.c.i.embedder.EclipseLogger - skip non existing resourceDirectory F:\MUM\WAA\Labs\Lab1Spring\src\test\resources
2017-01-16 21:31:12,364 [Worker-57] INFO  o.e.m.c.i.embedder.EclipseLogger - Using 'UTF-8' encoding to copy filtered resources.
2017-01-16 21:31:12,365 [Worker-57] INFO  o.e.m.c.i.embedder.EclipseLogger - Copying 1 resource
2017-01-16 21:31:12,397 [Worker-57] INFO  o.e.m.c.i.embedder.EclipseLogger - Using 'UTF-8' encoding to copy filtered resources.
2017-01-16 21:31:12,397 [Worker-57] INFO  o.e.m.c.i.embedder.EclipseLogger - skip non existing resourceDirectory F:\MUM\WAA\Labs\Lab1Spring\src\test\resources
2017-01-16 21:31:40,339 [Worker-50] INFO  o.e.m.c.i.embedder.EclipseLogger - Using 'UTF-8' encoding to copy filtered resources.
2017-01-16 21:31:40,339 [Worker-50] INFO  o.e.m.c.i.embedder.EclipseLogger - Copying 1 resource
2017-01-16 21:31:40,358 [Worker-50] INFO  o.e.m.c.i.embedder.EclipseLogger - Using 'UTF-8' encoding to copy filtered resources.
2017-01-16 21:31:40,359 [Worker-50] INFO  o.e.m.c.i.embedder.EclipseLogger - skip non existing resourceDirectory F:\MUM\WAA\Labs\Lab1Spring\src\test\resources
2017-01-16 21:31:47,482 [Worker-51] INFO  o.e.m.c.i.embedder.EclipseLogger - Using 'UTF-8' encoding to copy filtered resources.
2017-01-16 21:31:47,483 [Worker-51] INFO  o.e.m.c.i.embedder.EclipseLogger - Copying 1 resource
2017-01-16 21:31:47,498 [Worker-51] INFO  o.e.m.c.i.embedder.EclipseLogger - Using 'UTF-8' encoding to copy filtered resources.
2017-01-16 21:31:47,498 [Worker-51] INFO  o.e.m.c.i.embedder.EclipseLogger - skip non existing resourceDirectory F:\MUM\WAA\Labs\Lab1Spring\src\test\resources
2017-01-16 21:32:10,047 [Worker-56] INFO  o.e.m.c.i.embedder.EclipseLogger - Using 'UTF-8' encoding to copy filtered resources.
2017-01-16 21:32:10,048 [Worker-56] INFO  o.e.m.c.i.embedder.EclipseLogger - Copying 2 resources
2017-01-16 21:32:10,050 [Worker-56] INFO  o.e.m.c.i.embedder.EclipseLogger - Using 'UTF-8' encoding to copy filtered resources.
2017-01-16 21:32:10,050 [Worker-56] INFO  o.e.m.c.i.embedder.EclipseLogger - skip non existing resourceDirectory F:\MUM\WAA\Labs\Lab1Spring\src\test\resources
2017-01-16 21:37:20,930 [Worker-64] INFO  o.e.m.c.i.embedder.EclipseLogger - Using 'UTF-8' encoding to copy filtered resources.
2017-01-16 21:37:20,931 [Worker-64] INFO  o.e.m.c.i.embedder.EclipseLogger - Copying 2 resources
2017-01-16 21:37:20,933 [Worker-64] INFO  o.e.m.c.i.embedder.EclipseLogger - Using 'UTF-8' encoding to copy filtered resources.
2017-01-16 21:37:20,933 [Worker-64] INFO  o.e.m.c.i.embedder.EclipseLogger - skip non existing resourceDirectory F:\MUM\WAA\Labs\Lab1Spring\src\test\resources
2017-01-16 21:37:24,729 [Worker-64] INFO  o.e.m.c.i.embedder.EclipseLogger - Using 'UTF-8' encoding to copy filtered resources.
2017-01-16 21:37:24,730 [Worker-64] INFO  o.e.m.c.i.embedder.EclipseLogger - Copying 2 resources
2017-01-16 21:37:24,732 [Worker-64] INFO  o.e.m.c.i.embedder.EclipseLogger - Using 'UTF-8' encoding to copy filtered resources.
2017-01-16 21:37:24,733 [Worker-64] INFO  o.e.m.c.i.embedder.EclipseLogger - skip non existing resourceDirectory F:\MUM\WAA\Labs\Lab1Spring\src\test\resources
2017-01-16 21:38:07,118 [Worker-66] INFO  o.e.m.c.i.embedder.EclipseLogger - Using 'UTF-8' encoding to copy filtered resources.
2017-01-16 21:38:07,120 [Worker-66] INFO  o.e.m.c.i.embedder.EclipseLogger - Copying 2 resources
2017-01-16 21:38:07,124 [Worker-66] INFO  o.e.m.c.i.embedder.EclipseLogger - Using 'UTF-8' encoding to copy filtered resources.
2017-01-16 21:38:07,124 [Worker-66] INFO  o.e.m.c.i.embedder.EclipseLogger - skip non existing resourceDirectory F:\MUM\WAA\Labs\Lab1Spring\src\test\resources
2017-01-16 21:39:21,283 [Worker-66] WARN  o.e.m.c.i.embedder.EclipseLogger - Using platform encoding (Cp1252 actually) to copy filtered resources, i.e. build is platform dependent!
2017-01-16 21:39:21,335 [Worker-66] INFO  o.e.m.c.i.embedder.EclipseLogger - Copying 0 resource
2017-01-16 21:39:21,336 [Worker-66] WARN  o.e.m.c.i.embedder.EclipseLogger - Using platform encoding (Cp1252 actually) to copy filtered resources, i.e. build is platform dependent!
2017-01-16 21:39:21,356 [Worker-66] INFO  o.e.m.c.i.embedder.EclipseLogger - skip non existing resourceDirectory F:\MUM\WAA\Labs\Lab1Servlet\src\test\resources
2017-01-16 21:40:59,048 [Worker-68] INFO  o.e.m.c.i.embedder.EclipseLogger - Using 'UTF-8' encoding to copy filtered resources.
2017-01-16 21:40:59,048 [Worker-68] INFO  o.e.m.c.i.embedder.EclipseLogger - Copying 0 resource
2017-01-16 21:40:59,049 [Worker-68] INFO  o.e.m.c.i.embedder.EclipseLogger - Using 'UTF-8' encoding to copy filtered resources.
2017-01-16 21:40:59,049 [Worker-68] INFO  o.e.m.c.i.embedder.EclipseLogger - skip non existing resourceDirectory F:\MUM\WAA\Labs\Lab1Spring\src\test\resources
2017-01-16 21:41:26,940 [Worker-64] INFO  o.e.m.c.i.embedder.EclipseLogger - Using 'UTF-8' encoding to copy filtered resources.
2017-01-16 21:41:26,941 [Worker-64] INFO  o.e.m.c.i.embedder.EclipseLogger - Copying 0 resource
2017-01-16 21:41:26,942 [Worker-64] INFO  o.e.m.c.i.embedder.EclipseLogger - Using 'UTF-8' encoding to copy filtered resources.
2017-01-16 21:41:26,942 [Worker-64] INFO  o.e.m.c.i.embedder.EclipseLogger - skip non existing resourceDirectory F:\MUM\WAA\Labs\Lab1Spring\src\test\resources
2017-01-16 21:42:40,840 [Worker-64] INFO  o.e.m.c.i.embedder.EclipseLogger - Using 'UTF-8' encoding to copy filtered resources.
2017-01-16 21:42:40,844 [Worker-64] INFO  o.e.m.c.i.embedder.EclipseLogger - Copying 2 resources
2017-01-16 21:42:40,845 [Worker-64] INFO  o.e.m.c.i.embedder.EclipseLogger - Using 'UTF-8' encoding to copy filtered resources.
2017-01-16 21:42:40,846 [Worker-64] INFO  o.e.m.c.i.embedder.EclipseLogger - skip non existing resourceDirectory F:\MUM\WAA\Labs\Lab1Spring\src\test\resources
2017-01-16 21:42:43,496 [Worker-70] INFO  o.e.m.c.i.embedder.EclipseLogger - Using 'UTF-8' encoding to copy filtered resources.
2017-01-16 21:42:43,498 [Worker-70] INFO  o.e.m.c.i.embedder.EclipseLogger - Copying 2 resources
2017-01-16 21:42:43,500 [Worker-70] INFO  o.e.m.c.i.embedder.EclipseLogger - Using 'UTF-8' encoding to copy filtered resources.
2017-01-16 21:42:43,500 [Worker-70] INFO  o.e.m.c.i.embedder.EclipseLogger - skip non existing resourceDirectory F:\MUM\WAA\Labs\Lab1Spring\src\test\resources
2017-01-16 21:42:47,340 [Worker-70] INFO  o.e.m.c.i.embedder.EclipseLogger - Using 'UTF-8' encoding to copy filtered resources.
2017-01-16 21:42:47,342 [Worker-70] INFO  o.e.m.c.i.embedder.EclipseLogger - Copying 2 resources
2017-01-16 21:42:47,343 [Worker-70] INFO  o.e.m.c.i.embedder.EclipseLogger - Using 'UTF-8' encoding to copy filtered resources.
2017-01-16 21:42:47,343 [Worker-70] INFO  o.e.m.c.i.embedder.EclipseLogger - skip non existing resourceDirectory F:\MUM\WAA\Labs\Lab1Spring\src\test\resources
2017-01-16 21:44:06,644 [Worker-69] INFO  o.e.m.c.i.embedder.EclipseLogger - Using 'UTF-8' encoding to copy filtered resources.
2017-01-16 21:44:06,645 [Worker-69] INFO  o.e.m.c.i.embedder.EclipseLogger - Copying 2 resources
2017-01-16 21:44:06,646 [Worker-69] INFO  o.e.m.c.i.embedder.EclipseLogger - Using 'UTF-8' encoding to copy filtered resources.
2017-01-16 21:44:06,646 [Worker-69] INFO  o.e.m.c.i.embedder.EclipseLogger - skip non existing resourceDirectory F:\MUM\WAA\Labs\Lab1Spring\src\test\resources
2017-01-16 21:46:33,088 [Worker-56] INFO  o.e.m.c.i.embedder.EclipseLogger - Using 'UTF-8' encoding to copy filtered resources.
2017-01-16 21:46:33,088 [Worker-56] INFO  o.e.m.c.i.embedder.EclipseLogger - Copying 1 resource
2017-01-16 21:46:33,124 [Worker-56] INFO  o.e.m.c.i.embedder.EclipseLogger - Using 'UTF-8' encoding to copy filtered resources.
2017-01-16 21:46:33,124 [Worker-56] INFO  o.e.m.c.i.embedder.EclipseLogger - skip non existing resourceDirectory F:\MUM\WAA\Labs\Lab1Spring\src\test\resources
2017-01-16 21:46:34,466 [Worker-67] INFO  o.e.m.c.i.embedder.EclipseLogger - Using 'UTF-8' encoding to copy filtered resources.
2017-01-16 21:46:34,466 [Worker-67] INFO  o.e.m.c.i.embedder.EclipseLogger - Copying 1 resource
2017-01-16 21:46:34,474 [Worker-67] INFO  o.e.m.c.i.embedder.EclipseLogger - Using 'UTF-8' encoding to copy filtered resources.
2017-01-16 21:46:34,474 [Worker-67] INFO  o.e.m.c.i.embedder.EclipseLogger - skip non existing resourceDirectory F:\MUM\WAA\Labs\Lab1Spring\src\test\resources
2017-01-16 21:46:36,619 [Worker-56] INFO  o.e.m.c.i.embedder.EclipseLogger - Using 'UTF-8' encoding to copy filtered resources.
2017-01-16 21:46:36,620 [Worker-56] INFO  o.e.m.c.i.embedder.EclipseLogger - Copying 1 resource
2017-01-16 21:46:36,629 [Worker-56] INFO  o.e.m.c.i.embedder.EclipseLogger - Using 'UTF-8' encoding to copy filtered resources.
2017-01-16 21:46:36,629 [Worker-56] INFO  o.e.m.c.i.embedder.EclipseLogger - skip non existing resourceDirectory F:\MUM\WAA\Labs\Lab1Spring\src\test\resources
2017-01-16 21:49:30,593 [Worker-67] INFO  o.e.m.c.i.embedder.EclipseLogger - Using 'UTF-8' encoding to copy filtered resources.
2017-01-16 21:49:30,593 [Worker-67] INFO  o.e.m.c.i.embedder.EclipseLogger - Copying 2 resources
2017-01-16 21:49:30,595 [Worker-67] INFO  o.e.m.c.i.embedder.EclipseLogger - Using 'UTF-8' encoding to copy filtered resources.
2017-01-16 21:49:30,595 [Worker-67] INFO  o.e.m.c.i.embedder.EclipseLogger - skip non existing resourceDirectory F:\MUM\WAA\Labs\Lab1Spring\src\test\resources
2017-01-16 21:49:43,106 [Worker-69] INFO  o.e.m.c.i.embedder.EclipseLogger - Using 'UTF-8' encoding to copy filtered resources.
2017-01-16 21:49:43,107 [Worker-69] INFO  o.e.m.c.i.embedder.EclipseLogger - Copying 2 resources
2017-01-16 21:49:43,109 [Worker-69] INFO  o.e.m.c.i.embedder.EclipseLogger - Using 'UTF-8' encoding to copy filtered resources.
2017-01-16 21:49:43,109 [Worker-69] INFO  o.e.m.c.i.embedder.EclipseLogger - skip non existing resourceDirectory F:\MUM\WAA\Labs\Lab1Spring\src\test\resources
2017-01-16 21:49:53,669 [Worker-67] INFO  o.e.m.c.i.embedder.EclipseLogger - Using 'UTF-8' encoding to copy filtered resources.
2017-01-16 21:49:53,670 [Worker-67] INFO  o.e.m.c.i.embedder.EclipseLogger - Copying 2 resources
2017-01-16 21:49:53,672 [Worker-67] INFO  o.e.m.c.i.embedder.EclipseLogger - Using 'UTF-8' encoding to copy filtered resources.
2017-01-16 21:49:53,672 [Worker-67] INFO  o.e.m.c.i.embedder.EclipseLogger - skip non existing resourceDirectory F:\MUM\WAA\Labs\Lab1Spring\src\test\resources
2017-01-16 21:55:18,771 [Worker-56] INFO  o.e.m.c.i.embedder.EclipseLogger - Using 'UTF-8' encoding to copy filtered resources.
2017-01-16 21:55:18,772 [Worker-56] INFO  o.e.m.c.i.embedder.EclipseLogger - Copying 0 resource
2017-01-16 21:55:18,773 [Worker-56] INFO  o.e.m.c.i.embedder.EclipseLogger - Using 'UTF-8' encoding to copy filtered resources.
2017-01-16 21:55:18,773 [Worker-56] INFO  o.e.m.c.i.embedder.EclipseLogger - skip non existing resourceDirectory F:\MUM\WAA\Labs\Lab1Spring\src\test\resources
2017-01-16 21:55:26,414 [Worker-80] INFO  o.e.m.c.i.embedder.EclipseLogger - Using 'UTF-8' encoding to copy filtered resources.
2017-01-16 21:55:26,414 [Worker-80] INFO  o.e.m.c.i.embedder.EclipseLogger - Copying 1 resource
2017-01-16 21:55:26,422 [Worker-80] INFO  o.e.m.c.i.embedder.EclipseLogger - Using 'UTF-8' encoding to copy filtered resources.
2017-01-16 21:55:26,422 [Worker-80] INFO  o.e.m.c.i.embedder.EclipseLogger - skip non existing resourceDirectory F:\MUM\WAA\Labs\Lab1Spring\src\test\resources
2017-01-16 21:55:42,443 [Worker-78] INFO  o.e.m.c.i.embedder.EclipseLogger - Using 'UTF-8' encoding to copy filtered resources.
2017-01-16 21:55:42,444 [Worker-78] INFO  o.e.m.c.i.embedder.EclipseLogger - Copying 0 resource
2017-01-16 21:55:42,445 [Worker-78] INFO  o.e.m.c.i.embedder.EclipseLogger - Using 'UTF-8' encoding to copy filtered resources.
2017-01-16 21:55:42,445 [Worker-78] INFO  o.e.m.c.i.embedder.EclipseLogger - skip non existing resourceDirectory F:\MUM\WAA\Labs\Lab1Spring\src\test\resources
2017-01-16 21:57:30,454 [Worker-79] INFO  o.e.m.c.i.embedder.EclipseLogger - Using 'UTF-8' encoding to copy filtered resources.
2017-01-16 21:57:30,454 [Worker-79] INFO  o.e.m.c.i.embedder.EclipseLogger - Copying 1 resource
2017-01-16 21:57:30,460 [Worker-79] INFO  o.e.m.c.i.embedder.EclipseLogger - Using 'UTF-8' encoding to copy filtered resources.
2017-01-16 21:57:30,460 [Worker-79] INFO  o.e.m.c.i.embedder.EclipseLogger - skip non existing resourceDirectory F:\MUM\WAA\Labs\Lab1Spring\src\test\resources
2017-01-16 21:57:41,088 [Worker-83] INFO  o.e.m.c.i.embedder.EclipseLogger - Using 'UTF-8' encoding to copy filtered resources.
2017-01-16 21:57:41,088 [Worker-83] INFO  o.e.m.c.i.embedder.EclipseLogger - Copying 1 resource
2017-01-16 21:57:41,201 [Worker-83] INFO  o.e.m.c.i.embedder.EclipseLogger - Using 'UTF-8' encoding to copy filtered resources.
2017-01-16 21:57:41,201 [Worker-83] INFO  o.e.m.c.i.embedder.EclipseLogger - skip non existing resourceDirectory F:\MUM\WAA\Labs\Lab1Spring\src\test\resources
2017-01-16 21:58:57,289 [Worker-83] INFO  o.e.m.c.i.embedder.EclipseLogger - Using 'UTF-8' encoding to copy filtered resources.
2017-01-16 21:58:57,292 [Worker-83] INFO  o.e.m.c.i.embedder.EclipseLogger - Copying 2 resources
2017-01-16 21:58:57,296 [Worker-83] INFO  o.e.m.c.i.embedder.EclipseLogger - Using 'UTF-8' encoding to copy filtered resources.
2017-01-16 21:58:57,296 [Worker-83] INFO  o.e.m.c.i.embedder.EclipseLogger - skip non existing resourceDirectory F:\MUM\WAA\Labs\Lab1Spring\src\test\resources
2017-01-16 21:59:02,567 [Worker-79] INFO  o.e.m.c.i.embedder.EclipseLogger - Using 'UTF-8' encoding to copy filtered resources.
2017-01-16 21:59:02,568 [Worker-79] INFO  o.e.m.c.i.embedder.EclipseLogger - Copying 2 resources
2017-01-16 21:59:02,571 [Worker-79] INFO  o.e.m.c.i.embedder.EclipseLogger - Using 'UTF-8' encoding to copy filtered resources.
2017-01-16 21:59:02,571 [Worker-79] INFO  o.e.m.c.i.embedder.EclipseLogger - skip non existing resourceDirectory F:\MUM\WAA\Labs\Lab1Spring\src\test\resources
2017-01-16 21:59:07,936 [Worker-77] INFO  o.e.m.c.i.embedder.EclipseLogger - Using 'UTF-8' encoding to copy filtered resources.
2017-01-16 21:59:07,937 [Worker-77] INFO  o.e.m.c.i.embedder.EclipseLogger - Copying 2 resources
2017-01-16 21:59:07,938 [Worker-77] INFO  o.e.m.c.i.embedder.EclipseLogger - Using 'UTF-8' encoding to copy filtered resources.
2017-01-16 21:59:07,939 [Worker-77] INFO  o.e.m.c.i.embedder.EclipseLogger - skip non existing resourceDirectory F:\MUM\WAA\Labs\Lab1Spring\src\test\resources
2017-01-16 22:00:12,008 [Worker-83] INFO  o.e.m.c.i.embedder.EclipseLogger - Using 'UTF-8' encoding to copy filtered resources.
2017-01-16 22:00:12,009 [Worker-83] INFO  o.e.m.c.i.embedder.EclipseLogger - Copying 2 resources
2017-01-16 22:00:12,010 [Worker-83] INFO  o.e.m.c.i.embedder.EclipseLogger - Using 'UTF-8' encoding to copy filtered resources.
2017-01-16 22:00:12,010 [Worker-83] INFO  o.e.m.c.i.embedder.EclipseLogger - skip non existing resourceDirectory F:\MUM\WAA\Labs\Lab1Spring\src\test\resources
2017-01-16 22:00:34,238 [Worker-86] INFO  o.e.m.c.i.embedder.EclipseLogger - Using 'UTF-8' encoding to copy filtered resources.
2017-01-16 22:00:34,239 [Worker-86] INFO  o.e.m.c.i.embedder.EclipseLogger - Copying 2 resources
2017-01-16 22:00:34,241 [Worker-86] INFO  o.e.m.c.i.embedder.EclipseLogger - Using 'UTF-8' encoding to copy filtered resources.
2017-01-16 22:00:34,241 [Worker-86] INFO  o.e.m.c.i.embedder.EclipseLogger - skip non existing resourceDirectory F:\MUM\WAA\Labs\Lab1Spring\src\test\resources
2017-01-16 22:01:24,917 [Worker-77] INFO  o.e.m.c.i.embedder.EclipseLogger - Using 'UTF-8' encoding to copy filtered resources.
2017-01-16 22:01:24,918 [Worker-77] INFO  o.e.m.c.i.embedder.EclipseLogger - Copying 2 resources
2017-01-16 22:01:24,919 [Worker-77] INFO  o.e.m.c.i.embedder.EclipseLogger - Using 'UTF-8' encoding to copy filtered resources.
2017-01-16 22:01:24,920 [Worker-77] INFO  o.e.m.c.i.embedder.EclipseLogger - skip non existing resourceDirectory F:\MUM\WAA\Labs\Lab1Spring\src\test\resources
2017-01-16 22:01:27,515 [Worker-88] INFO  o.e.m.c.i.embedder.EclipseLogger - Using 'UTF-8' encoding to copy filtered resources.
2017-01-16 22:01:27,516 [Worker-88] INFO  o.e.m.c.i.embedder.EclipseLogger - Copying 2 resources
2017-01-16 22:01:27,518 [Worker-88] INFO  o.e.m.c.i.embedder.EclipseLogger - Using 'UTF-8' encoding to copy filtered resources.
2017-01-16 22:01:27,518 [Worker-88] INFO  o.e.m.c.i.embedder.EclipseLogger - skip non existing resourceDirectory F:\MUM\WAA\Labs\Lab1Spring\src\test\resources
2017-01-16 22:02:14,940 [Worker-83] INFO  o.e.m.c.i.embedder.EclipseLogger - Using 'UTF-8' encoding to copy filtered resources.
2017-01-16 22:02:14,942 [Worker-83] INFO  o.e.m.c.i.embedder.EclipseLogger - Copying 2 resources
2017-01-16 22:02:14,944 [Worker-83] INFO  o.e.m.c.i.embedder.EclipseLogger - Using 'UTF-8' encoding to copy filtered resources.
2017-01-16 22:02:14,945 [Worker-83] INFO  o.e.m.c.i.embedder.EclipseLogger - skip non existing resourceDirectory F:\MUM\WAA\Labs\Lab1Spring\src\test\resources
2017-01-16 22:02:16,130 [Worker-88] INFO  o.e.m.c.i.embedder.EclipseLogger - Using 'UTF-8' encoding to copy filtered resources.
2017-01-16 22:02:16,131 [Worker-88] INFO  o.e.m.c.i.embedder.EclipseLogger - Copying 2 resources
2017-01-16 22:02:16,133 [Worker-88] INFO  o.e.m.c.i.embedder.EclipseLogger - Using 'UTF-8' encoding to copy filtered resources.
2017-01-16 22:02:16,133 [Worker-88] INFO  o.e.m.c.i.embedder.EclipseLogger - skip non existing resourceDirectory F:\MUM\WAA\Labs\Lab1Spring\src\test\resources
2017-01-16 22:07:08,602 [Worker-89] INFO  o.e.m.c.i.embedder.EclipseLogger - Using 'UTF-8' encoding to copy filtered resources.
2017-01-16 22:07:08,603 [Worker-89] INFO  o.e.m.c.i.embedder.EclipseLogger - Copying 2 resources
2017-01-16 22:07:08,604 [Worker-89] INFO  o.e.m.c.i.embedder.EclipseLogger - Using 'UTF-8' encoding to copy filtered resources.
2017-01-16 22:07:08,604 [Worker-89] INFO  o.e.m.c.i.embedder.EclipseLogger - skip non existing resourceDirectory F:\MUM\WAA\Labs\Lab1Spring\src\test\resources
2017-01-16 22:07:16,095 [Worker-92] INFO  o.e.m.c.i.embedder.EclipseLogger - Using 'UTF-8' encoding to copy filtered resources.
2017-01-16 22:07:16,096 [Worker-92] INFO  o.e.m.c.i.embedder.EclipseLogger - Copying 2 resources
2017-01-16 22:07:16,098 [Worker-92] INFO  o.e.m.c.i.embedder.EclipseLogger - Using 'UTF-8' encoding to copy filtered resources.
2017-01-16 22:07:16,098 [Worker-92] INFO  o.e.m.c.i.embedder.EclipseLogger - skip non existing resourceDirectory F:\MUM\WAA\Labs\Lab1Spring\src\test\resources
2017-01-16 22:07:24,371 [Worker-84] INFO  o.e.m.c.i.embedder.EclipseLogger - Using 'UTF-8' encoding to copy filtered resources.
2017-01-16 22:07:24,372 [Worker-84] INFO  o.e.m.c.i.embedder.EclipseLogger - Copying 2 resources
2017-01-16 22:07:24,374 [Worker-84] INFO  o.e.m.c.i.embedder.EclipseLogger - Using 'UTF-8' encoding to copy filtered resources.
2017-01-16 22:07:24,374 [Worker-84] INFO  o.e.m.c.i.embedder.EclipseLogger - skip non existing resourceDirectory F:\MUM\WAA\Labs\Lab1Spring\src\test\resources
2017-01-16 22:07:36,771 [Worker-90] INFO  o.e.m.c.i.embedder.EclipseLogger - Using 'UTF-8' encoding to copy filtered resources.
2017-01-16 22:07:36,772 [Worker-90] INFO  o.e.m.c.i.embedder.EclipseLogger - Copying 2 resources
2017-01-16 22:07:36,773 [Worker-90] INFO  o.e.m.c.i.embedder.EclipseLogger - Using 'UTF-8' encoding to copy filtered resources.
2017-01-16 22:07:36,774 [Worker-90] INFO  o.e.m.c.i.embedder.EclipseLogger - skip non existing resourceDirectory F:\MUM\WAA\Labs\Lab1Spring\src\test\resources
2017-01-16 22:10:39,016 [Worker-92] INFO  o.e.m.c.i.embedder.EclipseLogger - Using 'UTF-8' encoding to copy filtered resources.
2017-01-16 22:10:39,018 [Worker-92] INFO  o.e.m.c.i.embedder.EclipseLogger - Copying 2 resources
2017-01-16 22:10:39,021 [Worker-92] INFO  o.e.m.c.i.embedder.EclipseLogger - Using 'UTF-8' encoding to copy filtered resources.
2017-01-16 22:10:39,021 [Worker-92] INFO  o.e.m.c.i.embedder.EclipseLogger - skip non existing resourceDirectory F:\MUM\WAA\Labs\Lab1Spring\src\test\resources
2017-01-16 22:10:54,314 [Worker-97] INFO  o.e.m.c.i.embedder.EclipseLogger - Using 'UTF-8' encoding to copy filtered resources.
2017-01-16 22:10:54,314 [Worker-97] INFO  o.e.m.c.i.embedder.EclipseLogger - Copying 2 resources
2017-01-16 22:10:54,316 [Worker-97] INFO  o.e.m.c.i.embedder.EclipseLogger - Using 'UTF-8' encoding to copy filtered resources.
2017-01-16 22:10:54,316 [Worker-97] INFO  o.e.m.c.i.embedder.EclipseLogger - skip non existing resourceDirectory F:\MUM\WAA\Labs\Lab1Spring\src\test\resources
2017-01-16 22:11:43,371 [Worker-99] INFO  o.e.m.c.i.embedder.EclipseLogger - Using 'UTF-8' encoding to copy filtered resources.
2017-01-16 22:11:43,373 [Worker-99] INFO  o.e.m.c.i.embedder.EclipseLogger - Copying 2 resources
2017-01-16 22:11:43,375 [Worker-99] INFO  o.e.m.c.i.embedder.EclipseLogger - Using 'UTF-8' encoding to copy filtered resources.
2017-01-16 22:11:43,375 [Worker-99] INFO  o.e.m.c.i.embedder.EclipseLogger - skip non existing resourceDirectory F:\MUM\WAA\Labs\Lab1Spring\src\test\resources
2017-01-16 22:12:11,050 [Worker-100] INFO  o.e.m.c.i.embedder.EclipseLogger - Using 'UTF-8' encoding to copy filtered resources.
2017-01-16 22:12:11,050 [Worker-100] INFO  o.e.m.c.i.embedder.EclipseLogger - Copying 2 resources
2017-01-16 22:12:11,052 [Worker-100] INFO  o.e.m.c.i.embedder.EclipseLogger - Using 'UTF-8' encoding to copy filtered resources.
2017-01-16 22:12:11,052 [Worker-100] INFO  o.e.m.c.i.embedder.EclipseLogger - skip non existing resourceDirectory F:\MUM\WAA\Labs\Lab1Spring\src\test\resources
2017-01-16 22:12:13,141 [Worker-97] INFO  o.e.m.c.i.embedder.EclipseLogger - Using 'UTF-8' encoding to copy filtered resources.
2017-01-16 22:12:13,143 [Worker-97] INFO  o.e.m.c.i.embedder.EclipseLogger - Copying 2 resources
2017-01-16 22:12:13,145 [Worker-97] INFO  o.e.m.c.i.embedder.EclipseLogger - Using 'UTF-8' encoding to copy filtered resources.
2017-01-16 22:12:13,145 [Worker-97] INFO  o.e.m.c.i.embedder.EclipseLogger - skip non existing resourceDirectory F:\MUM\WAA\Labs\Lab1Spring\src\test\resources
2017-01-16 22:12:21,508 [Worker-90] INFO  o.e.m.c.i.embedder.EclipseLogger - Using 'UTF-8' encoding to copy filtered resources.
2017-01-16 22:12:21,510 [Worker-90] INFO  o.e.m.c.i.embedder.EclipseLogger - Copying 2 resources
2017-01-16 22:12:21,512 [Worker-90] INFO  o.e.m.c.i.embedder.EclipseLogger - Using 'UTF-8' encoding to copy filtered resources.
2017-01-16 22:12:21,513 [Worker-90] INFO  o.e.m.c.i.embedder.EclipseLogger - skip non existing resourceDirectory F:\MUM\WAA\Labs\Lab1Spring\src\test\resources
2017-01-16 22:12:24,105 [Worker-97] INFO  o.e.m.c.i.embedder.EclipseLogger - Using 'UTF-8' encoding to copy filtered resources.
2017-01-16 22:12:24,106 [Worker-97] INFO  o.e.m.c.i.embedder.EclipseLogger - Copying 2 resources
2017-01-16 22:12:24,107 [Worker-97] INFO  o.e.m.c.i.embedder.EclipseLogger - Using 'UTF-8' encoding to copy filtered resources.
2017-01-16 22:12:24,107 [Worker-97] INFO  o.e.m.c.i.embedder.EclipseLogger - skip non existing resourceDirectory F:\MUM\WAA\Labs\Lab1Spring\src\test\resources
2017-01-16 22:12:31,134 [Worker-100] INFO  o.e.m.c.i.embedder.EclipseLogger - Using 'UTF-8' encoding to copy filtered resources.
2017-01-16 22:12:31,135 [Worker-100] INFO  o.e.m.c.i.embedder.EclipseLogger - Copying 2 resources
2017-01-16 22:12:31,136 [Worker-100] INFO  o.e.m.c.i.embedder.EclipseLogger - Using 'UTF-8' encoding to copy filtered resources.
2017-01-16 22:12:31,136 [Worker-100] INFO  o.e.m.c.i.embedder.EclipseLogger - skip non existing resourceDirectory F:\MUM\WAA\Labs\Lab1Spring\src\test\resources
2017-01-16 22:12:40,821 [Worker-99] INFO  o.e.m.c.i.embedder.EclipseLogger - Using 'UTF-8' encoding to copy filtered resources.
2017-01-16 22:12:40,822 [Worker-99] INFO  o.e.m.c.i.embedder.EclipseLogger - Copying 2 resources
2017-01-16 22:12:40,824 [Worker-99] INFO  o.e.m.c.i.embedder.EclipseLogger - Using 'UTF-8' encoding to copy filtered resources.
2017-01-16 22:12:40,825 [Worker-99] INFO  o.e.m.c.i.embedder.EclipseLogger - skip non existing resourceDirectory F:\MUM\WAA\Labs\Lab1Spring\src\test\resources
2017-01-16 22:12:51,891 [Worker-99] INFO  o.e.m.c.i.embedder.EclipseLogger - Using 'UTF-8' encoding to copy filtered resources.
2017-01-16 22:12:51,892 [Worker-99] INFO  o.e.m.c.i.embedder.EclipseLogger - Copying 2 resources
2017-01-16 22:12:51,893 [Worker-99] INFO  o.e.m.c.i.embedder.EclipseLogger - Using 'UTF-8' encoding to copy filtered resources.
2017-01-16 22:12:51,894 [Worker-99] INFO  o.e.m.c.i.embedder.EclipseLogger - skip non existing resourceDirectory F:\MUM\WAA\Labs\Lab1Spring\src\test\resources
2017-01-16 22:12:55,456 [Worker-96] INFO  o.e.m.c.i.embedder.EclipseLogger - Using 'UTF-8' encoding to copy filtered resources.
2017-01-16 22:12:55,458 [Worker-96] INFO  o.e.m.c.i.embedder.EclipseLogger - Copying 2 resources
2017-01-16 22:12:55,460 [Worker-96] INFO  o.e.m.c.i.embedder.EclipseLogger - Using 'UTF-8' encoding to copy filtered resources.
2017-01-16 22:12:55,461 [Worker-96] INFO  o.e.m.c.i.embedder.EclipseLogger - skip non existing resourceDirectory F:\MUM\WAA\Labs\Lab1Spring\src\test\resources
2017-01-16 22:13:08,347 [Worker-98] INFO  o.e.m.c.i.embedder.EclipseLogger - Using 'UTF-8' encoding to copy filtered resources.
2017-01-16 22:13:08,348 [Worker-98] INFO  o.e.m.c.i.embedder.EclipseLogger - Copying 2 resources
2017-01-16 22:13:08,350 [Worker-98] INFO  o.e.m.c.i.embedder.EclipseLogger - Using 'UTF-8' encoding to copy filtered resources.
2017-01-16 22:13:08,350 [Worker-98] INFO  o.e.m.c.i.embedder.EclipseLogger - skip non existing resourceDirectory F:\MUM\WAA\Labs\Lab1Spring\src\test\resources
2017-01-16 22:49:50,514 [Worker-118] INFO  o.e.m.c.i.embedder.EclipseLogger - Using 'UTF-8' encoding to copy filtered resources.
2017-01-16 22:49:50,516 [Worker-118] INFO  o.e.m.c.i.embedder.EclipseLogger - Copying 2 resources
2017-01-16 22:49:50,517 [Worker-118] INFO  o.e.m.c.i.embedder.EclipseLogger - Using 'UTF-8' encoding to copy filtered resources.
2017-01-16 22:49:50,517 [Worker-118] INFO  o.e.m.c.i.embedder.EclipseLogger - skip non existing resourceDirectory F:\MUM\WAA\Labs\Lab1Spring\src\test\resources
2017-01-16 22:50:00,759 [Worker-117] INFO  o.e.m.c.i.embedder.EclipseLogger - Using 'UTF-8' encoding to copy filtered resources.
2017-01-16 22:50:00,759 [Worker-117] INFO  o.e.m.c.i.embedder.EclipseLogger - Copying 2 resources
2017-01-16 22:50:00,761 [Worker-117] INFO  o.e.m.c.i.embedder.EclipseLogger - Using 'UTF-8' encoding to copy filtered resources.
2017-01-16 22:50:00,761 [Worker-117] INFO  o.e.m.c.i.embedder.EclipseLogger - skip non existing resourceDirectory F:\MUM\WAA\Labs\Lab1Spring\src\test\resources
2017-01-16 22:50:18,047 [Worker-117] INFO  o.e.m.c.i.embedder.EclipseLogger - Using 'UTF-8' encoding to copy filtered resources.
2017-01-16 22:50:18,048 [Worker-117] INFO  o.e.m.c.i.embedder.EclipseLogger - Copying 2 resources
2017-01-16 22:50:18,050 [Worker-117] INFO  o.e.m.c.i.embedder.EclipseLogger - Using 'UTF-8' encoding to copy filtered resources.
2017-01-16 22:50:18,050 [Worker-117] INFO  o.e.m.c.i.embedder.EclipseLogger - skip non existing resourceDirectory F:\MUM\WAA\Labs\Lab1Spring\src\test\resources
2017-01-16 22:50:42,201 [Worker-117] INFO  o.e.m.c.i.embedder.EclipseLogger - Using 'UTF-8' encoding to copy filtered resources.
2017-01-16 22:50:42,202 [Worker-117] INFO  o.e.m.c.i.embedder.EclipseLogger - Copying 0 resource
2017-01-16 22:50:42,207 [Worker-117] INFO  o.e.m.c.i.embedder.EclipseLogger - Using 'UTF-8' encoding to copy filtered resources.
2017-01-16 22:50:42,207 [Worker-117] INFO  o.e.m.c.i.embedder.EclipseLogger - skip non existing resourceDirectory F:\MUM\WAA\Labs\Lab1Spring\src\test\resources
2017-01-16 22:50:48,638 [Worker-122] INFO  o.e.m.c.i.embedder.EclipseLogger - Using 'UTF-8' encoding to copy filtered resources.
2017-01-16 22:50:48,639 [Worker-122] INFO  o.e.m.c.i.embedder.EclipseLogger - Copying 0 resource
2017-01-16 22:50:48,641 [Worker-122] INFO  o.e.m.c.i.embedder.EclipseLogger - Using 'UTF-8' encoding to copy filtered resources.
2017-01-16 22:50:48,643 [Worker-122] INFO  o.e.m.c.i.embedder.EclipseLogger - skip non existing resourceDirectory F:\MUM\WAA\Labs\Lab1Spring\src\test\resources
2017-01-16 22:50:49,704 [Worker-118] INFO  o.e.m.c.i.embedder.EclipseLogger - Using 'UTF-8' encoding to copy filtered resources.
2017-01-16 22:50:49,705 [Worker-118] INFO  o.e.m.c.i.embedder.EclipseLogger - Copying 0 resource
2017-01-16 22:50:49,708 [Worker-118] INFO  o.e.m.c.i.embedder.EclipseLogger - Using 'UTF-8' encoding to copy filtered resources.
2017-01-16 22:50:49,708 [Worker-118] INFO  o.e.m.c.i.embedder.EclipseLogger - skip non existing resourceDirectory F:\MUM\WAA\Labs\Lab1Spring\src\test\resources
2017-01-16 22:53:14,347 [Worker-121] INFO  o.e.m.c.i.embedder.EclipseLogger - Using 'UTF-8' encoding to copy filtered resources.
2017-01-16 22:53:14,348 [Worker-121] INFO  o.e.m.c.i.embedder.EclipseLogger - Copying 0 resource
2017-01-16 22:53:14,351 [Worker-121] INFO  o.e.m.c.i.embedder.EclipseLogger - Using 'UTF-8' encoding to copy filtered resources.
2017-01-16 22:53:14,351 [Worker-121] INFO  o.e.m.c.i.embedder.EclipseLogger - skip non existing resourceDirectory F:\MUM\WAA\Labs\Lab1Spring\src\test\resources
2017-01-16 22:53:16,662 [Worker-118] INFO  o.e.m.c.i.embedder.EclipseLogger - Using 'UTF-8' encoding to copy filtered resources.
2017-01-16 22:53:16,665 [Worker-118] INFO  o.e.m.c.i.embedder.EclipseLogger - Copying 0 resource
2017-01-16 22:53:16,668 [Worker-118] INFO  o.e.m.c.i.embedder.EclipseLogger - Using 'UTF-8' encoding to copy filtered resources.
2017-01-16 22:53:16,669 [Worker-118] INFO  o.e.m.c.i.embedder.EclipseLogger - skip non existing resourceDirectory F:\MUM\WAA\Labs\Lab1Spring\src\test\resources
2017-01-16 22:53:33,859 [Worker-124] INFO  o.e.m.c.i.embedder.EclipseLogger - Using 'UTF-8' encoding to copy filtered resources.
2017-01-16 22:53:33,860 [Worker-124] INFO  o.e.m.c.i.embedder.EclipseLogger - Copying 2 resources
2017-01-16 22:53:33,861 [Worker-124] INFO  o.e.m.c.i.embedder.EclipseLogger - Using 'UTF-8' encoding to copy filtered resources.
2017-01-16 22:53:33,861 [Worker-124] INFO  o.e.m.c.i.embedder.EclipseLogger - skip non existing resourceDirectory F:\MUM\WAA\Labs\Lab1Spring\src\test\resources
2017-01-16 22:53:37,815 [Worker-117] INFO  o.e.m.c.i.embedder.EclipseLogger - Using 'UTF-8' encoding to copy filtered resources.
2017-01-16 22:53:37,816 [Worker-117] INFO  o.e.m.c.i.embedder.EclipseLogger - Copying 2 resources
2017-01-16 22:53:37,817 [Worker-117] INFO  o.e.m.c.i.embedder.EclipseLogger - Using 'UTF-8' encoding to copy filtered resources.
2017-01-16 22:53:37,817 [Worker-117] INFO  o.e.m.c.i.embedder.EclipseLogger - skip non existing resourceDirectory F:\MUM\WAA\Labs\Lab1Spring\src\test\resources
2017-01-16 22:54:01,847 [Worker-118] INFO  o.e.m.c.i.embedder.EclipseLogger - Using 'UTF-8' encoding to copy filtered resources.
2017-01-16 22:54:01,848 [Worker-118] INFO  o.e.m.c.i.embedder.EclipseLogger - Copying 2 resources
2017-01-16 22:54:01,849 [Worker-118] INFO  o.e.m.c.i.embedder.EclipseLogger - Using 'UTF-8' encoding to copy filtered resources.
2017-01-16 22:54:01,849 [Worker-118] INFO  o.e.m.c.i.embedder.EclipseLogger - skip non existing resourceDirectory F:\MUM\WAA\Labs\Lab1Spring\src\test\resources
2017-01-16 22:59:56,006 [Worker-128] INFO  o.e.m.c.i.embedder.EclipseLogger - Using 'UTF-8' encoding to copy filtered resources.
2017-01-16 22:59:56,007 [Worker-128] INFO  o.e.m.c.i.embedder.EclipseLogger - Copying 2 resources
2017-01-16 22:59:56,008 [Worker-128] INFO  o.e.m.c.i.embedder.EclipseLogger - Using 'UTF-8' encoding to copy filtered resources.
2017-01-16 22:59:56,008 [Worker-128] INFO  o.e.m.c.i.embedder.EclipseLogger - skip non existing resourceDirectory F:\MUM\WAA\Labs\Lab1Spring\src\test\resources
2017-01-16 23:00:09,206 [Worker-128] INFO  o.e.m.c.i.embedder.EclipseLogger - Using 'UTF-8' encoding to copy filtered resources.
2017-01-16 23:00:09,207 [Worker-128] INFO  o.e.m.c.i.embedder.EclipseLogger - Copying 2 resources
2017-01-16 23:00:09,208 [Worker-128] INFO  o.e.m.c.i.embedder.EclipseLogger - Using 'UTF-8' encoding to copy filtered resources.
2017-01-16 23:00:09,208 [Worker-128] INFO  o.e.m.c.i.embedder.EclipseLogger - skip non existing resourceDirectory F:\MUM\WAA\Labs\Lab1Spring\src\test\resources
